4partite1-prod:
,Partitions,0100.1111,1010.1111,0000.1111,0011.1111,1000.1111
0,1|2|3|4,0101.1110,1011.1110,0001.1110,0111.1011,1001.1110

5
4partite1-prod:
,Partitions,0001.1101,0001.1111,0001.0010,0001.0101,0001.1110
0,1|2|3|4,0101.1001,0101.1011,0000.0011,0001.0101,0101.1010

5/2
4partite2-prod:
,Partitions,0001.1101,0001.1111,0001.0010,0001.0101,0001.1110
0,1.2|3.4,0001.1101,0011.1101,0001.0010,0001.0101,0010.1101
1,1.3|2.4,0101.1001,0101.1011,0000.0011,0001.0101,0100.1011
2,1.4|2.3,0101.1001,0111.1001,0000.0011,0001.0101,0111.1000

5
4partite3-prod:
,Partitions,0001.1101,0001.1111,0001.0010,0001.0101,0001.1110
0,1|2.3.4,0101.1001,0111.1001,0001.0010,0001.0101,0110.1001
1,1.3.4|2,0101.1001,0101.1011,0001.0010,0001.0101,0101.1010
2,1.2.4|3,0001.1101,0011.1101,0000.0011,0001.0101,0011.1100
3,1.2.3|4,0001.1101,0001.1111,0000.0011,0001.0101,0000.1111
4,1.2|3.4,0001.1101,0011.1101,0001.0010,0001.0101,0010.1101
5,1.3|2.4,0101.1001,0101.1011,0000.0011,0001.0101,0100.1011
6,1.4|2.3,0101.1001,0111.1001,0000.0011,0001.0101,0111.1000

17/2
4partite1-prod:
,Partitions,0100.1111,0011.0100,0011.1000,1000.1111,0100.1000
0,1|2|3|4,0110.1101,0000.0111,0001.1010,1001.1110,0000.1100

5
4partite2-prod:
,Partitions,0100.1111,0011.0100,0011.1000,1000.1111,0100.1000
0,1.2|3.4,0111.1100,0000.0111,0000.1011,1011.1100,0100.1000
1,1.3|2.4,0101.1110,0001.0110,0010.1001,1010.1101,0000.1100
2,1.4|2.3,0110.1101,0010.0101,0001.1010,1001.1110,0000.1100

8
4partite3-prod:
,Partitions,0100.1111,0011.0100,0011.1000,1000.1111,0100.1000
0,1|2.3.4,0111.1100,0011.0100,0000.1011,1000.1111,0000.1100
1,1.3.4|2,0100.1111,0000.0111,0011.1000,1011.1100,0000.1100
2,1.2.4|3,0110.1101,0001.0110,0001.1010,1010.1101,0100.1000
3,1.2.3|4,0101.1110,0010.0101,0010.1001,1001.1110,0100.1000
4,1.2|3.4,0111.1100,0000.0111,0000.1011,1011.1100,0100.1000
5,1.3|2.4,0101.1110,0001.0110,0010.1001,1010.1101,0000.1100
6,1.4|2.3,0110.1101,0010.0101,0001.1010,1001.1110,0000.1100

12
4partite1-prod:
,Partitions,1000.1101,1000.1010,0101.1000,1000.1100,0110.1101
0,1|2|3|4,1001.1100,1000.1010,0001.1100,1000.1100,0111.1100

3/2
4partite2-prod:
,Partitions,1000.1101,1000.1010,0101.1000,1000.1100,0110.1101
0,1.2|3.4,1001.1100,1000.1010,0100.1001,1000.1100,0101.1110
1,1.3|2.4,1000.1101,1000.1010,0000.1101,1000.1100,0111.1100
2,1.4|2.3,1001.1100,1000.1010,0001.1100,1000.1100,0100.1111

9/2
4partite3-prod:
,Partitions,1000.1101,1000.1010,0101.1000,1000.1100,0110.1101
0,1|2.3.4,1000.1101,1000.1010,0000.1101,1000.1100,0101.1110
1,1.3.4|2,1001.1100,1000.1010,0001.1100,1000.1100,0110.1101
2,1.2.4|3,1000.1101,1000.1010,0101.1000,1000.1100,0100.1111
3,1.2.3|4,1001.1100,1000.1010,0100.1001,1000.1100,0111.1100
4,1.2|3.4,1001.1100,1000.1010,0100.1001,1000.1100,0101.1110
5,1.3|2.4,1000.1101,1000.1010,0000.1101,1000.1100,0111.1100
6,1.4|2.3,1001.1100,1000.1010,0001.1100,1000.1100,0100.1111

4
4partite1-prod:
,Partitions,0001.0010,0001.0100,0001.1000,0010.0100,0010.1000,0100.1000
0,1|2|3|4,0000.0011,0000.0101,0000.1001,0000.0110,0000.1010,0000.1100

6
4partite2-prod:
,Partitions,0001.0010,0001.0100,0001.1000,0010.0100,0010.1000,0100.1000
0,1.2|3.4,0001.0010,0000.0101,0000.1001,0000.0110,0000.1010,0100.1000
1,1.3|2.4,0000.0011,0001.0100,0000.1001,0000.0110,0010.1000,0000.1100
2,1.4|2.3,0000.0011,0000.0101,0001.1000,0010.0100,0000.1010,0000.1100

5
4partite3-prod:
,Partitions,0001.0010,0001.0100,0001.1000,0010.0100,0010.1000,0100.1000
0,1|2.3.4,0001.0010,0001.0100,0000.1001,0010.0100,0000.1010,0000.1100
1,1.3.4|2,0001.0010,0000.0101,0001.1000,0000.0110,0010.1000,0000.1100
2,1.2.4|3,0000.0011,0001.0100,0001.1000,0000.0110,0000.1010,0100.1000
3,1.2.3|4,0000.0011,0000.0101,0000.1001,0010.0100,0010.1000,0100.1000
4,1.2|3.4,0001.0010,0000.0101,0000.1001,0000.0110,0000.1010,0100.1000
5,1.3|2.4,0000.0011,0001.0100,0000.1001,0000.0110,0010.1000,0000.1100
6,1.4|2.3,0000.0011,0000.0101,0001.1000,0010.0100,0000.1010,0000.1100

5
4partite1-prod:
,Partitions,0001.0010,0001.0100,0001.1000,0010.0100,0010.1000,0100.1000
0,1|2|3|4,0000.0011,0000.0101,0000.1001,0000.0110,0000.1010,0000.1100

6
4partite2-prod:
,Partitions,0001.0010,0001.0100,0001.1000,0010.0100,0010.1000,0100.1000
0,1.2|3.4,0001.0010,0000.0101,0000.1001,0000.0110,0000.1010,0100.1000
1,1.3|2.4,0000.0011,0001.0100,0000.1001,0000.0110,0010.1000,0000.1100
2,1.4|2.3,0000.0011,0000.0101,0001.1000,0010.0100,0000.1010,0000.1100

5
4partite3-prod:
,Partitions,0001.0010,0001.0100,0001.1000,0010.0100,0010.1000,0100.1000
0,1|2.3.4,0001.0010,0001.0100,0000.1001,0010.0100,0000.1010,0000.1100
1,1.3.4|2,0001.0010,0000.0101,0001.1000,0000.0110,0010.1000,0000.1100
2,1.2.4|3,0000.0011,0001.0100,0001.1000,0000.0110,0000.1010,0100.1000
3,1.2.3|4,0000.0011,0000.0101,0000.1001,0010.0100,0010.1000,0100.1000
4,1.2|3.4,0001.0010,0000.0101,0000.1001,0000.0110,0000.1010,0100.1000
5,1.3|2.4,0000.0011,0001.0100,0000.1001,0000.0110,0010.1000,0000.1100
6,1.4|2.3,0000.0011,0000.0101,0001.1000,0010.0100,0000.1010,0000.1100

5
4partite1-prod:
,Partitions,0001.0010,0001.0100,0001.1000,0010.0100,0010.1000,0100.1000
0,1|2|3|4,0000.0011,0000.0101,0000.1001,0000.0110,0000.1010,0000.1100

6
4partite2-prod:
,Partitions,0001.0010,0001.0100,0001.1000,0010.0100,0010.1000,0100.1000
0,1.2|3.4,0001.0010,0000.0101,0000.1001,0000.0110,0000.1010,0100.1000
1,1.3|2.4,0000.0011,0001.0100,0000.1001,0000.0110,0010.1000,0000.1100
2,1.4|2.3,0000.0011,0000.0101,0001.1000,0010.0100,0000.1010,0000.1100

5
4partite3-prod:
,Partitions,0001.0010,0001.0100,0001.1000,0010.0100,0010.1000,0100.1000
0,1|2.3.4,0001.0010,0001.0100,0000.1001,0010.0100,0000.1010,0000.1100
1,1.3.4|2,0001.0010,0000.0101,0001.1000,0000.0110,0010.1000,0000.1100
2,1.2.4|3,0000.0011,0001.0100,0001.1000,0000.0110,0000.1010,0100.1000
3,1.2.3|4,0000.0011,0000.0101,0000.1001,0010.0100,0010.1000,0100.1000
4,1.2|3.4,0001.0010,0000.0101,0000.1001,0000.0110,0000.1010,0100.1000
5,1.3|2.4,0000.0011,0001.0100,0000.1001,0000.0110,0010.1000,0000.1100
6,1.4|2.3,0000.0011,0000.0101,0001.1000,0010.0100,0000.1010,0000.1100

5
4partite1-prod:
,Partitions,0001.0010,0001.0100,0001.1000,0010.0100,0010.1000,0100.1000
0,1|2|3|4,0000.0011,0000.0101,0000.1001,0000.0110,0000.1010,0000.1100

6
4partite2-prod:
,Partitions,0001.0010,0001.0100,0001.1000,0010.0100,0010.1000,0100.1000
0,1.2|3.4,0001.0010,0000.0101,0000.1001,0000.0110,0000.1010,0100.1000
1,1.3|2.4,0000.0011,0001.0100,0000.1001,0000.0110,0010.1000,0000.1100
2,1.4|2.3,0000.0011,0000.0101,0001.1000,0010.0100,0000.1010,0000.1100

5
4partite3-prod:
,Partitions,0001.0010,0001.0100,0001.1000,0010.0100,0010.1000,0100.1000
0,1|2.3.4,0001.0010,0001.0100,0000.1001,0010.0100,0000.1010,0000.1100
1,1.3.4|2,0001.0010,0000.0101,0001.1000,0000.0110,0010.1000,0000.1100
2,1.2.4|3,0000.0011,0001.0100,0001.1000,0000.0110,0000.1010,0100.1000
3,1.2.3|4,0000.0011,0000.0101,0000.1001,0010.0100,0010.1000,0100.1000
4,1.2|3.4,0001.0010,0000.0101,0000.1001,0000.0110,0000.1010,0100.1000
5,1.3|2.4,0000.0011,0001.0100,0000.1001,0000.0110,0010.1000,0000.1100
6,1.4|2.3,0000.0011,0000.0101,0001.1000,0010.0100,0000.1010,0000.1100

5
4partite1-prod:
,Partitions,1001.1110,0010.0011,0011.1100,0011.1110,0011.1111,0011.1001
0,1|2|3|4,1011.1100,0010.0011,0010.1101,0010.1111,0111.1011,0001.1011

4
4partite2-prod:
,Partitions,1001.1110,0010.0011,0011.1100,0011.1110,0011.1111,0011.1001
0,1.2|3.4,1010.1101,0010.0011,0000.1111,0010.1111,0011.1111,0001.1011
1,1.3|2.4,1011.1100,0010.0011,0110.1001,0110.1011,0111.1011,0011.1001
2,1.4|2.3,1000.1111,0010.0011,0101.1010,0111.1010,0111.1011,0001.1011

15/2
4partite3-prod:
,Partitions,1001.1110,0010.0011,0011.1100,0011.1110,0011.1111,0011.1001
0,1|2.3.4,1001.1110,0010.0011,0100.1011,0110.1011,0111.1011,0001.1011
1,1.3.4|2,1010.1101,0010.0011,0111.1000,0111.1010,0111.1011,0011.1001
2,1.2.4|3,1011.1100,0010.0011,0001.1110,0011.1110,0011.1111,0001.1011
3,1.2.3|4,1000.1111,0010.0011,0010.1101,0010.1111,0011.1111,0011.1001
4,1.2|3.4,1010.1101,0010.0011,0000.1111,0010.1111,0011.1111,0001.1011
5,1.3|2.4,1011.1100,0010.0011,0110.1001,0110.1011,0111.1011,0011.1001
6,1.4|2.3,1000.1111,0010.0011,0101.1010,0111.1010,0111.1011,0001.1011

19/2
4partite1-prod:
,Partitions,0100.1110,0010.0100,0100.1000,0100.1101,0100.0110,0100.0101
0,1|2|3|4,0110.1100,0000.0110,0000.1100,0101.1100,0100.0110,0100.0101

5/2
4partite2-prod:
,Partitions,0100.1110,0010.0100,0100.1000,0100.1101,0100.0110,0100.0101
0,1.2|3.4,0110.1100,0000.0110,0100.1000,0101.1100,0100.0110,0100.0101
1,1.3|2.4,0100.1110,0000.0110,0000.1100,0101.1100,0100.0110,0100.0101
2,1.4|2.3,0110.1100,0010.0100,0000.1100,0100.1101,0100.0110,0100.0101

2
4partite3-prod:
,Partitions,0100.1110,0010.0100,0100.1000,0100.1101,0100.0110,0100.0101
0,1|2.3.4,0110.1100,0010.0100,0000.1100,0101.1100,0100.0110,0100.0101
1,1.3.4|2,0100.1110,0000.0110,0000.1100,0100.1101,0100.0110,0100.0101
2,1.2.4|3,0110.1100,0000.0110,0100.1000,0100.1101,0100.0110,0100.0101
3,1.2.3|4,0100.1110,0010.0100,0100.1000,0101.1100,0100.0110,0100.0101
4,1.2|3.4,0110.1100,0000.0110,0100.1000,0101.1100,0100.0110,0100.0101
5,1.3|2.4,0100.1110,0000.0110,0000.1100,0101.1100,0100.0110,0100.0101
6,1.4|2.3,0110.1100,0010.0100,0000.1100,0100.1101,0100.0110,0100.0101

5/2
4partite1-prod:
,Partitions,0001.0010,0001.0100,0001.1000,0010.0100,0010.1000,0100.1000
0,1|2|3|4,0000.0011,0000.0101,0000.1001,0000.0110,0000.1010,0000.1100

6
4partite2-prod:
,Partitions,0001.0010,0001.0100,0001.1000,0010.0100,0010.1000,0100.1000
0,1.2|3.4,0001.0010,0000.0101,0000.1001,0000.0110,0000.1010,0100.1000
1,1.3|2.4,0000.0011,0001.0100,0000.1001,0000.0110,0010.1000,0000.1100
2,1.4|2.3,0000.0011,0000.0101,0001.1000,0010.0100,0000.1010,0000.1100

5
4partite3-prod:
,Partitions,0001.0010,0001.0100,0001.1000,0010.0100,0010.1000,0100.1000
0,1|2.3.4,0001.0010,0001.0100,0000.1001,0010.0100,0000.1010,0000.1100
1,1.3.4|2,0001.0010,0000.0101,0001.1000,0000.0110,0010.1000,0000.1100
2,1.2.4|3,0000.0011,0001.0100,0001.1000,0000.0110,0000.1010,0100.1000
3,1.2.3|4,0000.0011,0000.0101,0000.1001,0010.0100,0010.1000,0100.1000
4,1.2|3.4,0001.0010,0000.0101,0000.1001,0000.0110,0000.1010,0100.1000
5,1.3|2.4,0000.0011,0001.0100,0000.1001,0000.0110,0010.1000,0000.1100
6,1.4|2.3,0000.0011,0000.0101,0001.1000,0010.0100,0000.1010,0000.1100

5
,Partitions,0001.0010,0001.0100,0001.1000,0010.0100,0010.1000,0100.1000
0,1|2|3|4,0000.0011,0000.0101,0000.1001,0000.0110,0000.1010,0000.1100

6
,Partitions,0001.0010,0001.0100,0001.1000,0010.0100,0010.1000,0100.1000
0,1.2|3.4,0001.0010,0000.0101,0000.1001,0000.0110,0000.1010,0100.1000
1,1.3|2.4,0000.0011,0001.0100,0000.1001,0000.0110,0010.1000,0000.1100
2,1.4|2.3,0000.0011,0000.0101,0001.1000,0010.0100,0000.1010,0000.1100

5
,Partitions,0001.0010,0001.0100,0001.1000,0010.0100,0010.1000,0100.1000
0,1|2.3.4,0001.0010,0001.0100,0000.1001,0010.0100,0000.1010,0000.1100
1,1.3.4|2,0001.0010,0000.0101,0001.1000,0000.0110,0010.1000,0000.1100
2,1.2.4|3,0000.0011,0001.0100,0001.1000,0000.0110,0000.1010,0100.1000
3,1.2.3|4,0000.0011,0000.0101,0000.1001,0010.0100,0010.1000,0100.1000
4,1.2|3.4,0001.0010,0000.0101,0000.1001,0000.0110,0000.1010,0100.1000
5,1.3|2.4,0000.0011,0001.0100,0000.1001,0000.0110,0010.1000,0000.1100
6,1.4|2.3,0000.0011,0000.0101,0001.1000,0010.0100,0000.1010,0000.1100

5
,Partitions,0001.0010,0001.0100,0001.1000,0010.0100,0010.1000,0100.1000
0,1|2|3|4,0000.0011,0000.0101,0000.1001,0000.0110,0000.1010,0000.1100

6
,Partitions,0001.0010,0001.0100,0001.1000,0010.0100,0010.1000,0100.1000
0,1.2|3.4,0001.0010,0000.0101,0000.1001,0000.0110,0000.1010,0100.1000
1,1.3|2.4,0000.0011,0001.0100,0000.1001,0000.0110,0010.1000,0000.1100
2,1.4|2.3,0000.0011,0000.0101,0001.1000,0010.0100,0000.1010,0000.1100

5
,Partitions,0001.0010,0001.0100,0001.1000,0010.0100,0010.1000,0100.1000
0,1|2.3.4,0001.0010,0001.0100,0000.1001,0010.0100,0000.1010,0000.1100
1,1.3.4|2,0001.0010,0000.0101,0001.1000,0000.0110,0010.1000,0000.1100
2,1.2.4|3,0000.0011,0001.0100,0001.1000,0000.0110,0000.1010,0100.1000
3,1.2.3|4,0000.0011,0000.0101,0000.1001,0010.0100,0010.1000,0100.1000
4,1.2|3.4,0001.0010,0000.0101,0000.1001,0000.0110,0000.1010,0100.1000
5,1.3|2.4,0000.0011,0001.0100,0000.1001,0000.0110,0010.1000,0000.1100
6,1.4|2.3,0000.0011,0000.0101,0001.1000,0010.0100,0000.1010,0000.1100

5
,Partitions,0001.0010,0001.0100,0001.1000,0010.0100,0010.1000,0100.1000
0,1|2|3|4,0000.0011,0000.0101,0000.1001,0000.0110,0000.1010,0000.1100

6
,Partitions,0001.0010,0001.0100,0001.1000,0010.0100,0010.1000,0100.1000
0,1.2|3.4,0001.0010,0000.0101,0000.1001,0000.0110,0000.1010,0100.1000
1,1.3|2.4,0000.0011,0001.0100,0000.1001,0000.0110,0010.1000,0000.1100
2,1.4|2.3,0000.0011,0000.0101,0001.1000,0010.0100,0000.1010,0000.1100

5
,Partitions,0001.0010,0001.0100,0001.1000,0010.0100,0010.1000,0100.1000
0,1|2.3.4,0001.0010,0001.0100,0000.1001,0010.0100,0000.1010,0000.1100
1,1.3.4|2,0001.0010,0000.0101,0001.1000,0000.0110,0010.1000,0000.1100
2,1.2.4|3,0000.0011,0001.0100,0001.1000,0000.0110,0000.1010,0100.1000
3,1.2.3|4,0000.0011,0000.0101,0000.1001,0010.0100,0010.1000,0100.1000
4,1.2|3.4,0001.0010,0000.0101,0000.1001,0000.0110,0000.1010,0100.1000
5,1.3|2.4,0000.0011,0001.0100,0000.1001,0000.0110,0010.1000,0000.1100
6,1.4|2.3,0000.0011,0000.0101,0001.1000,0010.0100,0000.1010,0000.1100

5
,Partitions,0011.1100,0011.0111,0101.1010,0101.1100,0011.1101,0101.1101
0,1|2|3|4,0010.1101,0011.0111,0010.1101,0100.1101,0111.1001,0101.1101

2
,Partitions,0011.1100,0011.0111,0101.1010,0101.1100,0011.1101,0101.1101
0,1.2|3.4,0000.1111,0011.0111,0110.1001,0100.1101,0001.1111,0101.1101
1,1.3|2.4,0110.1001,0011.0111,0000.1111,0100.1101,0111.1001,0101.1101
2,1.4|2.3,0101.1010,0011.0111,0011.1100,0101.1100,0101.1011,0101.1101

5
,Partitions,0011.1100,0011.0111,0101.1010,0101.1100,0011.1101,0101.1101
0,1|2.3.4,0100.1011,0011.0111,0010.1101,0100.1101,0101.1011,0101.1101
1,1.3.4|2,0111.1000,0011.0111,0001.1110,0101.1100,0111.1001,0101.1101
2,1.2.4|3,0001.1110,0011.0111,0111.1000,0101.1100,0001.1111,0101.1101
3,1.2.3|4,0010.1101,0011.0111,0100.1011,0100.1101,0011.1101,0101.1101
4,1.2|3.4,0000.1111,0011.0111,0110.1001,0100.1101,0001.1111,0101.1101
5,1.3|2.4,0110.1001,0011.0111,0000.1111,0100.1101,0111.1001,0101.1101
6,1.4|2.3,0101.1010,0011.0111,0011.1100,0101.1100,0101.1011,0101.1101

8
,Partitions,0011.1000,0000.0011,0011.1010,0011.0111,0011.0101
0,1|2|3|4,0001.1010,0001.0010,0010.1011,0011.0111,0001.0111

7/2
,Partitions,0011.1000,0000.0011,0011.1010,0011.0111,0011.0101
0,1.2|3.4,0000.1011,0000.0011,0010.1011,0011.0111,0001.0111
1,1.3|2.4,0010.1001,0001.0010,0010.1011,0011.0111,0001.0111
2,1.4|2.3,0001.1010,0001.0010,0011.1010,0011.0111,0011.0101

4
,Partitions,0011.1000,0000.0011,0011.1010,0011.0111,0011.0101
0,1|2.3.4,0000.1011,0000.0011,0010.1011,0011.0111,0011.0101
1,1.3.4|2,0011.1000,0000.0011,0011.1010,0011.0111,0001.0111
2,1.2.4|3,0001.1010,0001.0010,0011.1010,0011.0111,0001.0111
3,1.2.3|4,0010.1001,0001.0010,0010.1011,0011.0111,0011.0101
4,1.2|3.4,0000.1011,0000.0011,0010.1011,0011.0111,0001.0111
5,1.3|2.4,0010.1001,0001.0010,0010.1011,0011.0111,0001.0111
6,1.4|2.3,0001.1010,0001.0010,0011.1010,0011.0111,0011.0101

9/2
,Partitions,1011.1100
0,1|2|3|4,1010.1101

1
,Partitions,1011.1100
0,1.2|3.4,1000.1111
1,1.3|2.4,1001.1110
2,1.4|2.3,1010.1101

3
,Partitions,1011.1100
0,1|2.3.4,1011.1100
1,1.3.4|2,1000.1111
2,1.2.4|3,1001.1110
3,1.2.3|4,1010.1101
4,1.2|3.4,1000.1111
5,1.3|2.4,1001.1110
6,1.4|2.3,1010.1101

3
,Partitions,0110.1101,1001.1101
0,1|2|3|4,0101.1110,1001.1101

1
,Partitions,0110.1101,1001.1101
0,1.2|3.4,0101.1110,1001.1101
1,1.3|2.4,0111.1100,1001.1101
2,1.4|2.3,0100.1111,1001.1101

3
,Partitions,0110.1101,1001.1101
0,1|2.3.4,0101.1110,1001.1101
1,1.3.4|2,0110.1101,1001.1101
2,1.2.4|3,0100.1111,1001.1101
3,1.2.3|4,0111.1100,1001.1101
4,1.2|3.4,0101.1110,1001.1101
5,1.3|2.4,0111.1100,1001.1101
6,1.4|2.3,0100.1111,1001.1101

3
,Partitions,0110.1010,0111.1111,1001.1010,0010.1110,1001.1101,1001.1011,0111.1001,0001.1001,1001.1110,0010.1001
0,1|2|3|4,0010.1110,0111.1111,1000.1011,0110.1010,1001.1101,1001.1011,0001.1111,0001.1001,1010.1101,0001.1010

7/2
,Partitions,0110.1010,0111.1111,1001.1010,0010.1110,1001.1101,1001.1011,0111.1001,0001.1001,1001.1110,0010.1001
0,1.2|3.4,0110.1010,0111.1111,1001.1010,0010.1110,1001.1101,1001.1011,0101.1011,0001.1001,1010.1101,0001.1010
1,1.3|2.4,0010.1110,0111.1111,1000.1011,0110.1010,1001.1101,1001.1011,0011.1101,0001.1001,1011.1100,0011.1000
2,1.4|2.3,0010.1110,0111.1111,1000.1011,0110.1010,1001.1101,1001.1011,0001.1111,0001.1001,1000.1111,0000.1011

7/2
,Partitions,0110.1010,0111.1111,1001.1010,0010.1110,1001.1101,1001.1011,0111.1001,0001.1001,1001.1110,0010.1001
0,1|2.3.4,0010.1110,0111.1111,1001.1010,0110.1010,1001.1101,1001.1011,0001.1111,0001.1001,1001.1110,0001.1010
1,1.3.4|2,0010.1110,0111.1111,1001.1010,0110.1010,1001.1101,1001.1011,0011.1101,0001.1001,1010.1101,0010.1001
2,1.2.4|3,0110.1010,0111.1111,1000.1011,0010.1110,1001.1101,1001.1011,0101.1011,0001.1001,1011.1100,0000.1011
3,1.2.3|4,0110.1010,0111.1111,1000.1011,0010.1110,1001.1101,1001.1011,0111.1001,0001.1001,1000.1111,0011.1000
4,1.2|3.4,0110.1010,0111.1111,1001.1010,0010.1110,1001.1101,1001.1011,0101.1011,0001.1001,1010.1101,0001.1010
5,1.3|2.4,0010.1110,0111.1111,1000.1011,0110.1010,1001.1101,1001.1011,0011.1101,0001.1001,1011.1100,0011.1000
6,1.4|2.3,0010.1110,0111.1111,1000.1011,0110.1010,1001.1101,1001.1011,0001.1111,0001.1001,1000.1111,0000.1011

4
,Partitions,0000.1111
0,1|2|3|4,0100.1011

1
,Partitions,0000.1111
0,1.2|3.4,0011.1100
1,1.3|2.4,0101.1010
2,1.4|2.3,0110.1001

3
,Partitions,0000.1111
0,1|2.3.4,0111.1000
1,1.3.4|2,0100.1011
2,1.2.4|3,0010.1101
3,1.2.3|4,0001.1110
4,1.2|3.4,0011.1100
5,1.3|2.4,0101.1010
6,1.4|2.3,0110.1001

7
,Partitions,0000.1111
0,1|2|3|4,0001.1110

1
,Partitions,0000.1111
0,1.2|3.4,0011.1100
1,1.3|2.4,0101.1010
2,1.4|2.3,0110.1001

3
,Partitions,0000.1111
0,1|2.3.4,0111.1000
1,1.3.4|2,0100.1011
2,1.2.4|3,0010.1101
3,1.2.3|4,0001.1110
4,1.2|3.4,0011.1100
5,1.3|2.4,0101.1010
6,1.4|2.3,0110.1001

7
,Partitions,0000.1111
0,1|2|3|4,0100.1011

1
,Partitions,0000.1111
0,1.2|3.4,0011.1100
1,1.3|2.4,0101.1010
2,1.4|2.3,0110.1001

3
,Partitions,0000.1111
0,1|2.3.4,0111.1000
1,1.3.4|2,0100.1011
2,1.2.4|3,0010.1101
3,1.2.3|4,0001.1110
4,1.2|3.4,0011.1100
5,1.3|2.4,0101.1010
6,1.4|2.3,0110.1001

7
,Partitions,0000.1111
0,1|2|3|4,0100.1011

1
,Partitions,0000.1111
0,1.2|3.4,0011.1100
1,1.3|2.4,0101.1010
2,1.4|2.3,0110.1001

3
,Partitions,0000.1111
0,1|2.3.4,0111.1000
1,1.3.4|2,0100.1011
2,1.2.4|3,0010.1101
3,1.2.3|4,0001.1110
4,1.2|3.4,0011.1100
5,1.3|2.4,0101.1010
6,1.4|2.3,0110.1001

7
,Partitions,0001.0010,0001.0100,0001.1000,0010.0100,0010.1000,0100.1000
0,1|2|3|4,0000.0011,0000.0101,0000.1001,0000.0110,0000.1010,0000.1100

6
,Partitions,0001.0010,0001.0100,0001.1000,0010.0100,0010.1000,0100.1000
0,1.2|3.4,0001.0010,0000.0101,0000.1001,0000.0110,0000.1010,0100.1000
1,1.3|2.4,0000.0011,0001.0100,0000.1001,0000.0110,0010.1000,0000.1100
2,1.4|2.3,0000.0011,0000.0101,0001.1000,0010.0100,0000.1010,0000.1100

5
,Partitions,0001.0010,0001.0100,0001.1000,0010.0100,0010.1000,0100.1000
0,1|2.3.4,0001.0010,0001.0100,0000.1001,0010.0100,0000.1010,0000.1100
1,1.3.4|2,0001.0010,0000.0101,0001.1000,0000.0110,0010.1000,0000.1100
2,1.2.4|3,0000.0011,0001.0100,0001.1000,0000.0110,0000.1010,0100.1000
3,1.2.3|4,0000.0011,0000.0101,0000.1001,0010.0100,0010.1000,0100.1000
4,1.2|3.4,0001.0010,0000.0101,0000.1001,0000.0110,0000.1010,0100.1000
5,1.3|2.4,0000.0011,0001.0100,0000.1001,0000.0110,0010.1000,0000.1100
6,1.4|2.3,0000.0011,0000.0101,0001.1000,0010.0100,0000.1010,0000.1100

5
,Partitions,0001.0010,0001.0100,0001.1000,0010.0100,0010.1000,0100.1000
0,1|2|3|4,0000.0011,0000.0101,0000.1001,0000.0110,0000.1010,0000.1100

6
,Partitions,0001.0010,0001.0100,0001.1000,0010.0100,0010.1000,0100.1000
0,1.2|3.4,0001.0010,0000.0101,0000.1001,0000.0110,0000.1010,0100.1000
1,1.3|2.4,0000.0011,0001.0100,0000.1001,0000.0110,0010.1000,0000.1100
2,1.4|2.3,0000.0011,0000.0101,0001.1000,0010.0100,0000.1010,0000.1100

5
,Partitions,0001.0010,0001.0100,0001.1000,0010.0100,0010.1000,0100.1000
0,1|2.3.4,0001.0010,0001.0100,0000.1001,0010.0100,0000.1010,0000.1100
1,1.3.4|2,0001.0010,0000.0101,0001.1000,0000.0110,0010.1000,0000.1100
2,1.2.4|3,0000.0011,0001.0100,0001.1000,0000.0110,0000.1010,0100.1000
3,1.2.3|4,0000.0011,0000.0101,0000.1001,0010.0100,0010.1000,0100.1000
4,1.2|3.4,0001.0010,0000.0101,0000.1001,0000.0110,0000.1010,0100.1000
5,1.3|2.4,0000.0011,0001.0100,0000.1001,0000.0110,0010.1000,0000.1100
6,1.4|2.3,0000.0011,0000.0101,0001.1000,0010.0100,0000.1010,0000.1100

5
,Partitions,0001.0010,0001.0100,0001.1000,0010.0100,0010.1000,0100.1000
0,1|2|3|4,0000.0011,0000.0101,0000.1001,0000.0110,0000.1010,0000.1100

6
,Partitions,0001.0010,0001.0100,0001.1000,0010.0100,0010.1000,0100.1000
0,1.2|3.4,0001.0010,0000.0101,0000.1001,0000.0110,0000.1010,0100.1000
1,1.3|2.4,0000.0011,0001.0100,0000.1001,0000.0110,0010.1000,0000.1100
2,1.4|2.3,0000.0011,0000.0101,0001.1000,0010.0100,0000.1010,0000.1100

5
,Partitions,0001.0010,0001.0100,0001.1000,0010.0100,0010.1000,0100.1000
0,1|2.3.4,0001.0010,0001.0100,0000.1001,0010.0100,0000.1010,0000.1100
1,1.3.4|2,0001.0010,0000.0101,0001.1000,0000.0110,0010.1000,0000.1100
2,1.2.4|3,0000.0011,0001.0100,0001.1000,0000.0110,0000.1010,0100.1000
3,1.2.3|4,0000.0011,0000.0101,0000.1001,0010.0100,0010.1000,0100.1000
4,1.2|3.4,0001.0010,0000.0101,0000.1001,0000.0110,0000.1010,0100.1000
5,1.3|2.4,0000.0011,0001.0100,0000.1001,0000.0110,0010.1000,0000.1100
6,1.4|2.3,0000.0011,0000.0101,0001.1000,0010.0100,0000.1010,0000.1100

5
,Partitions,0001.0010,0001.0100,0001.1000,0010.0100,0010.1000,0100.1000
0,1|2|3|4,0000.0011,0000.0101,0000.1001,0000.0110,0000.1010,0000.1100

6
,Partitions,0001.0010,0001.0100,0001.1000,0010.0100,0010.1000,0100.1000
0,1.2|3.4,0001.0010,0000.0101,0000.1001,0000.0110,0000.1010,0100.1000
1,1.3|2.4,0000.0011,0001.0100,0000.1001,0000.0110,0010.1000,0000.1100
2,1.4|2.3,0000.0011,0000.0101,0001.1000,0010.0100,0000.1010,0000.1100

5
,Partitions,0001.0010,0001.0100,0001.1000,0010.0100,0010.1000,0100.1000
0,1|2.3.4,0001.0010,0001.0100,0000.1001,0010.0100,0000.1010,0000.1100
1,1.3.4|2,0001.0010,0000.0101,0001.1000,0000.0110,0010.1000,0000.1100
2,1.2.4|3,0000.0011,0001.0100,0001.1000,0000.0110,0000.1010,0100.1000
3,1.2.3|4,0000.0011,0000.0101,0000.1001,0010.0100,0010.1000,0100.1000
4,1.2|3.4,0001.0010,0000.0101,0000.1001,0000.0110,0000.1010,0100.1000
5,1.3|2.4,0000.0011,0001.0100,0000.1001,0000.0110,0010.1000,0000.1100
6,1.4|2.3,0000.0011,0000.0101,0001.1000,0010.0100,0000.1010,0000.1100

5
,Partitions,0001.0010,0001.0100,0001.1000,0010.0100,0010.1000,0100.1000
0,1|2|3|4,0000.0011,0000.0101,0000.1001,0000.0110,0000.1010,0000.1100

6
,Partitions,0001.0010,0001.0100,0001.1000,0010.0100,0010.1000,0100.1000
0,1.2|3.4,0001.0010,0000.0101,0000.1001,0000.0110,0000.1010,0100.1000
1,1.3|2.4,0000.0011,0001.0100,0000.1001,0000.0110,0010.1000,0000.1100
2,1.4|2.3,0000.0011,0000.0101,0001.1000,0010.0100,0000.1010,0000.1100

5
,Partitions,0001.0010,0001.0100,0001.1000,0010.0100,0010.1000,0100.1000
0,1|2.3.4,0001.0010,0001.0100,0000.1001,0010.0100,0000.1010,0000.1100
1,1.3.4|2,0001.0010,0000.0101,0001.1000,0000.0110,0010.1000,0000.1100
2,1.2.4|3,0000.0011,0001.0100,0001.1000,0000.0110,0000.1010,0100.1000
3,1.2.3|4,0000.0011,0000.0101,0000.1001,0010.0100,0010.1000,0100.1000
4,1.2|3.4,0001.0010,0000.0101,0000.1001,0000.0110,0000.1010,0100.1000
5,1.3|2.4,0000.0011,0001.0100,0000.1001,0000.0110,0010.1000,0000.1100
6,1.4|2.3,0000.0011,0000.0101,0001.1000,0010.0100,0000.1010,0000.1100

5
,Partitions,0001.0010,0001.0100,0001.1000,0010.0100,0010.1000,0100.1000
0,1|2|3|4,0000.0011,0000.0101,0000.1001,0000.0110,0000.1010,0000.1100

6
,Partitions,0001.0010,0001.0100,0001.1000,0010.0100,0010.1000,0100.1000
0,1.2|3.4,0001.0010,0000.0101,0000.1001,0000.0110,0000.1010,0100.1000
1,1.3|2.4,0000.0011,0001.0100,0000.1001,0000.0110,0010.1000,0000.1100
2,1.4|2.3,0000.0011,0000.0101,0001.1000,0010.0100,0000.1010,0000.1100

5
,Partitions,0001.0010,0001.0100,0001.1000,0010.0100,0010.1000,0100.1000
0,1|2.3.4,0001.0010,0001.0100,0000.1001,0010.0100,0000.1010,0000.1100
1,1.3.4|2,0001.0010,0000.0101,0001.1000,0000.0110,0010.1000,0000.1100
2,1.2.4|3,0000.0011,0001.0100,0001.1000,0000.0110,0000.1010,0100.1000
3,1.2.3|4,0000.0011,0000.0101,0000.1001,0010.0100,0010.1000,0100.1000
4,1.2|3.4,0001.0010,0000.0101,0000.1001,0000.0110,0000.1010,0100.1000
5,1.3|2.4,0000.0011,0001.0100,0000.1001,0000.0110,0010.1000,0000.1100
6,1.4|2.3,0000.0011,0000.0101,0001.1000,0010.0100,0000.1010,0000.1100

5
,Partitions,0010.1011,1011.1110,0001.1100,0010.1111,0010.0101,0101.1100,0001.1110,0010.1110,0101.1110,1100.1110
0,1|2|3|4,0011.1010,1010.1111,0101.1000,0011.1110,0000.0111,0100.1101,0011.1100,0110.1010,0111.1100,1100.1110

15/2
,Partitions,0010.1011,1011.1110,0001.1100,0010.1111,0010.0101,0101.1100,0001.1110,0010.1110,0101.1110,1100.1110
0,1.2|3.4,0011.1010,1010.1111,0000.1101,0011.1110,0001.0110,0100.1101,0010.1101,0010.1110,0110.1101,1100.1110
1,1.3|2.4,0011.1010,1011.1110,0100.1001,0111.1010,0000.0111,0100.1101,0100.1011,0110.1010,0100.1111,1100.1110
2,1.4|2.3,0010.1011,1010.1111,0101.1000,0110.1011,0011.0100,0101.1100,0111.1000,0110.1010,0111.1100,1100.1110

23/2
,Partitions,0010.1011,1011.1110,0001.1100,0010.1111,0010.0101,0101.1100,0001.1110,0010.1110,0101.1110,1100.1110
0,1|2.3.4,0011.1010,1011.1110,0100.1001,0111.1010,0010.0101,0100.1101,0110.1001,0110.1010,0110.1101,1100.1110
1,1.3.4|2,0010.1011,1010.1111,0101.1000,0110.1011,0001.0110,0101.1100,0101.1010,0110.1010,0101.1110,1100.1110
2,1.2.4|3,0010.1011,1011.1110,0001.1100,0010.1111,0000.0111,0101.1100,0011.1100,0010.1110,0111.1100,1100.1110
3,1.2.3|4,0011.1010,1010.1111,0000.1101,0011.1110,0011.0100,0100.1101,0000.1111,0010.1110,0100.1111,1100.1110
4,1.2|3.4,0011.1010,1010.1111,0000.1101,0011.1110,0001.0110,0100.1101,0010.1101,0010.1110,0110.1101,1100.1110
5,1.3|2.4,0011.1010,1011.1110,0100.1001,0111.1010,0000.0111,0100.1101,0100.1011,0110.1010,0100.1111,1100.1110
6,1.4|2.3,0010.1011,1010.1111,0101.1000,0110.1011,0011.0100,0101.1100,0111.1000,0110.1010,0111.1100,1100.1110

25/2
,Partitions,0000.0110
0,1|2|3|4,0010.0100

1
,Partitions,0000.0110
0,1.2|3.4,0010.0100
1,1.3|2.4,0010.0100
2,1.4|2.3,0000.0110

1
,Partitions,0000.0110
0,1|2.3.4,0000.0110
1,1.3.4|2,0010.0100
2,1.2.4|3,0010.0100
3,1.2.3|4,0000.0110
4,1.2|3.4,0010.0100
5,1.3|2.4,0010.0100
6,1.4|2.3,0000.0110

1
,Partitions,0100.1101
0,1|2|3|4,0101.1100

1
,Partitions,0100.1101
0,1.2|3.4,0101.1100
1,1.3|2.4,0101.1100
2,1.4|2.3,0100.1101

1
,Partitions,0100.1101
0,1|2.3.4,0101.1100
1,1.3.4|2,0100.1101
2,1.2.4|3,0100.1101
3,1.2.3|4,0101.1100
4,1.2|3.4,0101.1100
5,1.3|2.4,0101.1100
6,1.4|2.3,0100.1101

1
,Partitions,0000.1100
0,1|2|3|4,0100.1000

1
,Partitions,0000.1100
0,1.2|3.4,0000.1100
1,1.3|2.4,0100.1000
2,1.4|2.3,0100.1000

1
,Partitions,0000.1100
0,1|2.3.4,0100.1000
1,1.3.4|2,0100.1000
2,1.2.4|3,0000.1100
3,1.2.3|4,0000.1100
4,1.2|3.4,0000.1100
5,1.3|2.4,0100.1000
6,1.4|2.3,0100.1000

1
,Partitions,0100.0111
0,1|2|3|4,0101.0110

1
,Partitions,0100.0111
0,1.2|3.4,0100.0111
1,1.3|2.4,0101.0110
2,1.4|2.3,0101.0110

1
,Partitions,0100.0111
0,1|2.3.4,0100.0111
1,1.3.4|2,0100.0111
2,1.2.4|3,0101.0110
3,1.2.3|4,0101.0110
4,1.2|3.4,0100.0111
5,1.3|2.4,0101.0110
6,1.4|2.3,0101.0110

1
,Partitions,0110.1011
0,1|2|3|4,0111.1010

1
,Partitions,0110.1011
0,1.2|3.4,0111.1010
1,1.3|2.4,0011.1110
2,1.4|2.3,0010.1111

3
,Partitions,0110.1011
0,1|2.3.4,0011.1110
1,1.3.4|2,0010.1111
2,1.2.4|3,0110.1011
3,1.2.3|4,0111.1010
4,1.2|3.4,0111.1010
5,1.3|2.4,0011.1110
6,1.4|2.3,0010.1111

3
,Partitions,1001.1101
0,1|2|3|4,1001.1101

0
,Partitions,1001.1101
0,1.2|3.4,1001.1101
1,1.3|2.4,1001.1101
2,1.4|2.3,1001.1101

0
,Partitions,1001.1101
0,1|2.3.4,1001.1101
1,1.3.4|2,1001.1101
2,1.2.4|3,1001.1101
3,1.2.3|4,1001.1101
4,1.2|3.4,1001.1101
5,1.3|2.4,1001.1101
6,1.4|2.3,1001.1101

0
,Partitions,1010.1110,1001.1110,1011.1100,1011.1110,1100.1110
0,1|2|3|4,1010.1110,1010.1101,1010.1101,1010.1111,1100.1110

3/2
,Partitions,1010.1110,1001.1110,1011.1100,1011.1110,1100.1110
0,1.2|3.4,1010.1110,1010.1101,1000.1111,1010.1111,1100.1110
1,1.3|2.4,1010.1110,1011.1100,1001.1110,1011.1110,1100.1110
2,1.4|2.3,1010.1110,1000.1111,1010.1101,1010.1111,1100.1110

5/2
,Partitions,1010.1110,1001.1110,1011.1100,1011.1110,1100.1110
0,1|2.3.4,1010.1110,1001.1110,1011.1100,1011.1110,1100.1110
1,1.3.4|2,1010.1110,1010.1101,1000.1111,1010.1111,1100.1110
2,1.2.4|3,1010.1110,1011.1100,1001.1110,1011.1110,1100.1110
3,1.2.3|4,1010.1110,1000.1111,1010.1101,1010.1111,1100.1110
4,1.2|3.4,1010.1110,1010.1101,1000.1111,1010.1111,1100.1110
5,1.3|2.4,1010.1110,1011.1100,1001.1110,1011.1110,1100.1110
6,1.4|2.3,1010.1110,1000.1111,1010.1101,1010.1111,1100.1110

2
,Partitions,0011.1100,0011.1011,0010.1011,0010.1001,0000.1110,1011.1100,1001.1100,1000.1100,0000.1010,0000.0101,0000.1101,1001.1011,0010.1100,0000.0100,0000.1001,0000.0010,0000.0011,0000.1100,0000.1000,0000.1011
0,1|2|3|4,0100.1011,0011.1011,0011.1010,0011.1000,0110.1000,1000.1111,1000.1101,1000.1100,0010.1000,0001.0100,0100.1001,1001.1011,0110.1000,0000.0100,0001.1000,0000.0010,0001.0010,0100.1000,0000.1000,0011.1000

4
,Partitions,0011.1100,0011.1011,0010.1011,0010.1001,0000.1110,1011.1100,1001.1100,1000.1100,0000.1010,0000.0101,0000.1101,1001.1011,0010.1100,0000.0100,0000.1001,0000.0010,0000.0011,0000.1100,0000.1000,0000.1011
0,1.2|3.4,0000.1111,0011.1011,0011.1010,0001.1010,0010.1100,1000.1111,1000.1101,1000.1100,0010.1000,0001.0100,0001.1100,1001.1011,0000.1110,0000.0100,0001.1000,0000.0010,0000.0011,0000.1100,0000.1000,0011.1000
1,1.3|2.4,0110.1001,0011.1011,0011.1010,0011.1000,0100.1010,1001.1110,1001.1100,1000.1100,0000.1010,0000.0101,0101.1000,1001.1011,0110.1000,0000.0100,0001.1000,0000.0010,0001.0010,0100.1000,0000.1000,0001.1010
2,1.4|2.3,0101.1010,0011.1011,0010.1011,0000.1011,0110.1000,1010.1101,1000.1101,1000.1100,0010.1000,0001.0100,0100.1001,1001.1011,0100.1010,0000.0100,0000.1001,0000.0010,0001.0010,0100.1000,0000.1000,0010.1001

11/2
,Partitions,0011.1100,0011.1011,0010.1011,0010.1001,0000.1110,1011.1100,1001.1100,1000.1100,0000.1010,0000.0101,0000.1101,1001.1011,0010.1100,0000.0100,0000.1001,0000.0010,0000.0011,0000.1100,0000.1000,0000.1011
0,1|2.3.4,0100.1011,0011.1011,0011.1010,0001.1010,0110.1000,1011.1100,1001.1100,1000.1100,0010.1000,0000.0101,0101.1000,1001.1011,0100.1010,0000.0100,0001.1000,0000.0010,0000.0011,0100.1000,0000.1000,0011.1000
1,1.3.4|2,0111.1000,0011.1011,0010.1011,0010.1001,0100.1010,1000.1111,1000.1101,1000.1100,0000.1010,0001.0100,0100.1001,1001.1011,0110.1000,0000.0100,0000.1001,0000.0010,0000.0011,0100.1000,0000.1000,0000.1011
2,1.2.4|3,0001.1110,0011.1011,0010.1011,0000.1011,0010.1100,1001.1110,1001.1100,1000.1100,0010.1000,0000.0101,0000.1101,1001.1011,0000.1110,0000.0100,0000.1001,0000.0010,0001.0010,0000.1100,0000.1000,0010.1001
3,1.2.3|4,0010.1101,0011.1011,0011.1010,0011.1000,0000.1110,1010.1101,1000.1101,1000.1100,0000.1010,0001.0100,0001.1100,1001.1011,0010.1100,0000.0100,0001.1000,0000.0010,0001.0010,0000.1100,0000.1000,0001.1010
4,1.2|3.4,0000.1111,0011.1011,0011.1010,0001.1010,0010.1100,1000.1111,1000.1101,1000.1100,0010.1000,0001.0100,0001.1100,1001.1011,0000.1110,0000.0100,0001.1000,0000.0010,0000.0011,0000.1100,0000.1000,0011.1000
5,1.3|2.4,0110.1001,0011.1011,0011.1010,0011.1000,0100.1010,1001.1110,1001.1100,1000.1100,0000.1010,0000.0101,0101.1000,1001.1011,0110.1000,0000.0100,0001.1000,0000.0010,0001.0010,0100.1000,0000.1000,0001.1010
6,1.4|2.3,0101.1010,0011.1011,0010.1011,0000.1011,0110.1000,1010.1101,1000.1101,1000.1100,0010.1000,0001.0100,0100.1001,1001.1011,0100.1010,0000.0100,0000.1001,0000.0010,0001.0010,0100.1000,0000.1000,0010.1001

5
,Partitions,1000.1010,1100.1110,0010.0100,0010.1111,0000.0010,0001.0010,0001.0111,0000.0100,1010.1111,0001.1001,1001.1100,0100.1010,0010.1010,0111.1001,0001.0100,0111.1111,0001.1010,0111.1110,1001.1010,1100.1111,0111.1010,0000.1100,0111.1100,1010.1100,0000.1010,0000.0111,0100.1100,0010.1100,0001.1100,0010.0111
0,1|2|3|4,1000.1010,1100.1110,0000.0110,0011.1110,0000.0010,0000.0011,0011.0101,0000.0100,1011.1110,0001.1001,1000.1101,0000.1110,0010.1010,0001.1111,0000.0101,0111.1111,0010.1001,0110.1111,1000.1011,1101.1110,0011.1110,0100.1000,0100.1111,1000.1110,0010.1000,0010.0101,0100.1100,0000.1110,0100.1001,0011.0110

15/2
,Partitions,1000.1010,1100.1110,0010.0100,0010.1111,0000.0010,0001.0010,0001.0111,0000.0100,1010.1111,0001.1001,1001.1100,0100.1010,0010.1010,0111.1001,0001.0100,0111.1111,0001.1010,0111.1110,1001.1010,1100.1111,0111.1010,0000.1100,0111.1100,1010.1100,0000.1010,0000.0111,0100.1100,0010.1100,0001.1100,0010.0111
0,1.2|3.4,1000.1010,1100.1110,0000.0110,0011.1110,0000.0010,0001.0010,0011.0101,0000.0100,1011.1110,0001.1001,1000.1101,0110.1000,0010.1010,0101.1011,0000.0101,0111.1111,0010.1001,0110.1111,1001.1010,1100.1111,0110.1011,0000.1100,0100.1111,1000.1110,0010.1000,0011.0100,0100.1100,0000.1110,0000.1101,0011.0110
1,1.3|2.4,1000.1010,1100.1110,0000.0110,0111.1010,0000.0010,0000.0011,0011.0101,0000.0100,1010.1111,0001.1001,1001.1100,0000.1110,0010.1010,0011.1101,0001.0100,0111.1111,0000.1011,0110.1111,1000.1011,1101.1110,0010.1111,0100.1000,0110.1101,1000.1110,0000.1010,0010.0101,0100.1100,0110.1000,0100.1001,0010.0111
2,1.4|2.3,1000.1010,1100.1110,0010.0100,0110.1011,0000.0010,0000.0011,0001.0111,0000.0100,1011.1110,0001.1001,1000.1101,0010.1100,0010.1010,0001.1111,0000.0101,0111.1111,0011.1000,0111.1110,1000.1011,1101.1110,0011.1110,0100.1000,0101.1110,1010.1100,0010.1000,0001.0110,0100.1100,0100.1010,0101.1000,0011.0110

9
,Partitions,1000.1010,1100.1110,0010.0100,0010.1111,0000.0010,0001.0010,0001.0111,0000.0100,1010.1111,0001.1001,1001.1100,0100.1010,0010.1010,0111.1001,0001.0100,0111.1111,0001.1010,0111.1110,1001.1010,1100.1111,0111.1010,0000.1100,0111.1100,1010.1100,0000.1010,0000.0111,0100.1100,0010.1100,0001.1100,0010.0111
0,1|2.3.4,1000.1010,1100.1110,0010.0100,0111.1010,0000.0010,0001.0010,0001.0111,0000.0100,1010.1111,0001.1001,1001.1100,0010.1100,0010.1010,0001.1111,0001.0100,0111.1111,0010.1001,0110.1111,1001.1010,1100.1111,0010.1111,0100.1000,0100.1111,1010.1100,0010.1000,0000.0111,0100.1100,0100.1010,0100.1001,0010.0111
1,1.3.4|2,1000.1010,1100.1110,0000.0110,0110.1011,0000.0010,0001.0010,0011.0101,0000.0100,1011.1110,0001.1001,1000.1101,0000.1110,0010.1010,0011.1101,0000.0101,0111.1111,0001.1010,0111.1110,1001.1010,1100.1111,0011.1110,0100.1000,0111.1100,1000.1110,0000.1010,0011.0100,0100.1100,0110.1000,0101.1000,0011.0110
2,1.2.4|3,1000.1010,1100.1110,0000.0110,0010.1111,0000.0010,0000.0011,0011.0101,0000.0100,1010.1111,0001.1001,1001.1100,0110.1000,0010.1010,0101.1011,0001.0100,0111.1111,0011.1000,0111.1110,1000.1011,1101.1110,0111.1010,0000.1100,0101.1110,1000.1110,0010.1000,0010.0101,0100.1100,0000.1110,0001.1100,0010.0111
3,1.2.3|4,1000.1010,1100.1110,0010.0100,0011.1110,0000.0010,0000.0011,0001.0111,0000.0100,1011.1110,0001.1001,1000.1101,0100.1010,0010.1010,0111.1001,0000.0101,0111.1111,0000.1011,0110.1111,1000.1011,1101.1110,0110.1011,0000.1100,0110.1101,1010.1100,0000.1010,0001.0110,0100.1100,0010.1100,0000.1101,0011.0110
4,1.2|3.4,1000.1010,1100.1110,0000.0110,0011.1110,0000.0010,0001.0010,0011.0101,0000.0100,1011.1110,0001.1001,1000.1101,0110.1000,0010.1010,0101.1011,0000.0101,0111.1111,0010.1001,0110.1111,1001.1010,1100.1111,0110.1011,0000.1100,0100.1111,1000.1110,0010.1000,0011.0100,0100.1100,0000.1110,0000.1101,0011.0110
5,1.3|2.4,1000.1010,1100.1110,0000.0110,0111.1010,0000.0010,0000.0011,0011.0101,0000.0100,1010.1111,0001.1001,1001.1100,0000.1110,0010.1010,0011.1101,0001.0100,0111.1111,0000.1011,0110.1111,1000.1011,1101.1110,0010.1111,0100.1000,0110.1101,1000.1110,0000.1010,0010.0101,0100.1100,0110.1000,0100.1001,0010.0111
6,1.4|2.3,1000.1010,1100.1110,0010.0100,0110.1011,0000.0010,0000.0011,0001.0111,0000.0100,1011.1110,0001.1001,1000.1101,0010.1100,0010.1010,0001.1111,0000.0101,0111.1111,0011.1000,0111.1110,1000.1011,1101.1110,0011.1110,0100.1000,0101.1110,1010.1100,0010.1000,0001.0110,0100.1100,0100.1010,0101.1000,0011.0110

11
,Partitions,0100.1011,1011.1100,0100.0101,0101.1100,0101.1011,0001.1001,0010.1011,0011.0110,0110.1010,0100.1001,0110.1101,0001.0101,1001.1110,0101.0110,1001.1111,1001.1011,1001.1100,0110.1100,0110.1111,0010.0110,0001.1011,0001.1111,0110.1110,0101.1001,0101.1111,0001.0110,0110.1001,0001.1100,0110.1011,0100.0110
0,1|2|3|4,0110.1001,1010.1101,0100.0101,0100.1101,0111.1001,0001.1001,0011.1010,0010.0111,0010.1110,0101.1000,0101.1110,0001.0101,1010.1101,0100.0111,1011.1101,1001.1011,1000.1101,0100.1110,0111.1110,0010.0110,0011.1001,0111.1001,0110.1110,0001.1101,0111.1101,0010.0101,0001.1110,0101.1000,0010.1111,0100.0110

11
,Partitions,0100.1011,1011.1100,0100.0101,0101.1100,0101.1011,0001.1001,0010.1011,0011.0110,0110.1010,0100.1001,0110.1101,0001.0101,1001.1110,0101.0110,1001.1111,1001.1011,1001.1100,0110.1100,0110.1111,0010.0110,0001.1011,0001.1111,0110.1110,0101.1001,0101.1111,0001.0110,0110.1001,0001.1100,0110.1011,0100.0110
0,1.2|3.4,0111.1000,1000.1111,0100.0101,0100.1101,0111.1001,0001.1001,0011.1010,0010.0111,0110.1010,0101.1000,0101.1110,0001.0101,1010.1101,0101.0110,1011.1101,1001.1011,1000.1101,0100.1110,0111.1110,0010.0110,0011.1001,0011.1101,0110.1110,0101.1001,0111.1101,0010.0101,0101.1010,0000.1101,0111.1010,0100.0110
1,1.3|2.4,0001.1110,1001.1110,0100.0101,0100.1101,0001.1111,0001.1001,0011.1010,0011.0110,0010.1110,0001.1100,0111.1100,0001.0101,1011.1100,0100.0111,1011.1101,1001.1011,1001.1100,0110.1100,0111.1110,0010.0110,0001.1011,0101.1011,0110.1110,0001.1101,0101.1111,0011.0100,0011.1100,0100.1001,0011.1110,0100.0110
2,1.4|2.3,0010.1101,1010.1101,0100.0101,0101.1100,0011.1101,0001.1001,0010.1011,0010.0111,0010.1110,0000.1101,0100.1111,0001.0101,1000.1111,0100.0111,1001.1111,1001.1011,1000.1101,0100.1110,0110.1111,0010.0110,0011.1001,0111.1001,0110.1110,0001.1101,0111.1101,0000.0111,0000.1111,0101.1000,0010.1111,0100.0110

10
,Partitions,0100.1011,1011.1100,0100.0101,0101.1100,0101.1011,0001.1001,0010.1011,0011.0110,0110.1010,0100.1001,0110.1101,0001.0101,1001.1110,0101.0110,1001.1111,1001.1011,1001.1100,0110.1100,0110.1111,0010.0110,0001.1011,0001.1111,0110.1110,0101.1001,0101.1111,0001.0110,0110.1001,0001.1100,0110.1011,0100.0110
0,1|2.3.4,0011.1100,1011.1100,0100.0101,0100.1101,0011.1101,0001.1001,0011.1010,0011.0110,0010.1110,0001.1100,0101.1110,0001.0101,1001.1110,0101.0110,1001.1111,1001.1011,1001.1100,0100.1110,0111.1110,0010.0110,0011.1001,0111.1001,0110.1110,0001.1101,0111.1101,0001.0110,0001.1110,0100.1001,0011.1110,0100.0110
1,1.3.4|2,0000.1111,1000.1111,0100.0101,0101.1100,0001.1111,0001.1001,0010.1011,0010.0111,0010.1110,0000.1101,0110.1101,0001.0101,1010.1101,0101.0110,1011.1101,1001.1011,1000.1101,0110.1100,0110.1111,0010.0110,0001.1011,0101.1011,0110.1110,0001.1101,0101.1111,0010.0101,0010.1101,0101.1000,0010.1111,0100.0110
2,1.2.4|3,0110.1001,1001.1110,0100.0101,0101.1100,0111.1001,0001.1001,0010.1011,0011.0110,0110.1010,0100.1001,0100.1111,0001.0101,1011.1100,0100.0111,1011.1101,1001.1011,1001.1100,0100.1110,0110.1111,0010.0110,0011.1001,0011.1101,0110.1110,0101.1001,0111.1101,0011.0100,0100.1011,0001.1100,0110.1011,0100.0110
3,1.2.3|4,0101.1010,1010.1101,0100.0101,0100.1101,0101.1011,0001.1001,0011.1010,0010.0111,0110.1010,0101.1000,0111.1100,0001.0101,1000.1111,0100.0111,1001.1111,1001.1011,1000.1101,0110.1100,0111.1110,0010.0110,0001.1011,0001.1111,0110.1110,0101.1001,0101.1111,0000.0111,0111.1000,0000.1101,0111.1010,0100.0110
4,1.2|3.4,0111.1000,1000.1111,0100.0101,0100.1101,0111.1001,0001.1001,0011.1010,0010.0111,0110.1010,0101.1000,0101.1110,0001.0101,1010.1101,0101.0110,1011.1101,1001.1011,1000.1101,0100.1110,0111.1110,0010.0110,0011.1001,0011.1101,0110.1110,0101.1001,0111.1101,0010.0101,0101.1010,0000.1101,0111.1010,0100.0110
5,1.3|2.4,0001.1110,1001.1110,0100.0101,0100.1101,0001.1111,0001.1001,0011.1010,0011.0110,0010.1110,0001.1100,0111.1100,0001.0101,1011.1100,0100.0111,1011.1101,1001.1011,1001.1100,0110.1100,0111.1110,0010.0110,0001.1011,0101.1011,0110.1110,0001.1101,0101.1111,0011.0100,0011.1100,0100.1001,0011.1110,0100.0110
6,1.4|2.3,0010.1101,1010.1101,0100.0101,0101.1100,0011.1101,0001.1001,0010.1011,0010.0111,0010.1110,0000.1101,0100.1111,0001.0101,1000.1111,0100.0111,1001.1111,1001.1011,1000.1101,0100.1110,0110.1111,0010.0110,0011.1001,0111.1001,0110.1110,0001.1101,0111.1101,0000.0111,0000.1111,0101.1000,0010.1111,0100.0110

7
,Partitions,1101.1110,0001.1111,0000.1011,0010.0100,0000.0110,0111.1111,0100.0101,0110.1100,0010.0111,0011.1110,0101.0110,0001.0011,1000.1110,0100.0111,0000.1110,0111.1100,1011.1110,0010.1100,0001.1100,0110.1000,1110.1111,0000.0100,0001.1000,0110.0111,0001.0010,0010.0110,0100.1110,0001.0111,0001.1001,0100.0110,0001.0101,0110.1110,0001.1011,0001.0110,1100.1110,0000.0001,0001.1110,0010.1110,0111.1110,0001.0100
0,1|2|3|4,1100.1111,0111.1001,0010.1001,0000.0110,0010.0100,0111.1111,0100.0101,0100.1110,0011.0110,0010.1111,0100.0111,0001.0011,1010.1100,0101.0110,0100.1010,0101.1110,1010.1111,0100.1010,0100.1001,0100.1010,1110.1111,0000.0100,0000.1001,0110.0111,0000.0011,0010.0110,0110.1100,0011.0101,0001.1001,0100.0110,0001.0101,0110.1110,0011.1001,0010.0101,1100.1110,0000.0001,0000.1111,0110.1010,0110.1111,0000.0101

3
,Partitions,1101.1110,0001.1111,0000.1011,0010.0100,0000.0110,0111.1111,0100.0101,0110.1100,0010.0111,0011.1110,0101.0110,0001.0011,1000.1110,0100.0111,0000.1110,0111.1100,1011.1110,0010.1100,0001.1100,0110.1000,1110.1111,0000.0100,0001.1000,0110.0111,0001.0010,0010.0110,0100.1110,0001.0111,0001.1001,0100.0110,0001.0101,0110.1110,0001.1011,0001.0110,1100.1110,0000.0001,0001.1110,0010.1110,0111.1110,0001.0100
0,1.2|3.4,1101.1110,0011.1101,0011.1000,0000.0110,0010.0100,0111.1111,0100.0101,0100.1110,0011.0110,0010.1111,0101.0110,0001.0011,1010.1100,0100.0111,0010.1100,0100.1111,1010.1111,0000.1110,0000.1101,0100.1010,1110.1111,0000.0100,0000.1001,0110.0111,0001.0010,0010.0110,0110.1100,0011.0101,0001.1001,0100.0110,0001.0101,0110.1110,0011.1001,0010.0101,1100.1110,0000.0001,0010.1101,0010.1110,0110.1111,0000.0101
1,1.3|2.4,1100.1111,0101.1011,0001.1010,0000.0110,0010.0100,0111.1111,0100.0101,0110.1100,0010.0111,0110.1011,0100.0111,0001.0011,1010.1100,0101.0110,0100.1010,0110.1101,1011.1110,0110.1000,0100.1001,0010.1100,1110.1111,0000.0100,0000.1001,0110.0111,0000.0011,0010.0110,0100.1110,0011.0101,0001.1001,0100.0110,0001.0101,0110.1110,0001.1011,0011.0100,1100.1110,0000.0001,0100.1011,0110.1010,0110.1111,0001.0100
2,1.4|2.3,1100.1111,0111.1001,0010.1001,0010.0100,0000.0110,0111.1111,0100.0101,0100.1110,0011.0110,0111.1010,0100.0111,0001.0011,1000.1110,0101.0110,0110.1000,0101.1110,1010.1111,0100.1010,0101.1000,0000.1110,1110.1111,0000.0100,0001.1000,0110.0111,0000.0011,0010.0110,0110.1100,0001.0111,0001.1001,0100.0110,0001.0101,0110.1110,0011.1001,0000.0111,1100.1110,0000.0001,0111.1000,0110.1010,0111.1110,0000.0101

2
,Partitions,1101.1110,0001.1111,0000.1011,0010.0100,0000.0110,0111.1111,0100.0101,0110.1100,0010.0111,0011.1110,0101.0110,0001.0011,1000.1110,0100.0111,0000.1110,0111.1100,1011.1110,0010.1100,0001.1100,0110.1000,1110.1111,0000.0100,0001.1000,0110.0111,0001.0010,0010.0110,0100.1110,0001.0111,0001.1001,0100.0110,0001.0101,0110.1110,0001.1011,0001.0110,1100.1110,0000.0001,0001.1110,0010.1110,0111.1110,0001.0100
0,1|2.3.4,1101.1110,0111.1001,0011.1000,0010.0100,0000.0110,0111.1111,0100.0101,0100.1110,0010.0111,0110.1011,0101.0110,0001.0011,1000.1110,0100.0111,0110.1000,0100.1111,1011.1110,0100.1010,0100.1001,0000.1110,1110.1111,0000.0100,0000.1001,0110.0111,0001.0010,0010.0110,0110.1100,0001.0111,0001.1001,0100.0110,0001.0101,0110.1110,0011.1001,0001.0110,1100.1110,0000.0001,0110.1001,0110.1010,0110.1111,0001.0100
1,1.3.4|2,1101.1110,0101.1011,0000.1011,0000.0110,0010.0100,0111.1111,0100.0101,0110.1100,0011.0110,0111.1010,0101.0110,0001.0011,1010.1100,0100.0111,0100.1010,0111.1100,1010.1111,0110.1000,0101.1000,0010.1100,1110.1111,0000.0100,0001.1000,0110.0111,0001.0010,0010.0110,0100.1110,0011.0101,0001.1001,0100.0110,0001.0101,0110.1110,0001.1011,0010.0101,1100.1110,0000.0001,0101.1010,0110.1010,0111.1110,0000.0101
2,1.2.4|3,1100.1111,0011.1101,0010.1001,0000.0110,0010.0100,0111.1111,0100.0101,0100.1110,0010.0111,0011.1110,0100.0111,0001.0011,1010.1100,0101.0110,0010.1100,0101.1110,1011.1110,0000.1110,0001.1100,0100.1010,1110.1111,0000.0100,0001.1000,0110.0111,0000.0011,0010.0110,0110.1100,0011.0101,0001.1001,0100.0110,0001.0101,0110.1110,0011.1001,0011.0100,1100.1110,0000.0001,0011.1100,0010.1110,0111.1110,0001.0100
3,1.2.3|4,1100.1111,0001.1111,0001.1010,0010.0100,0000.0110,0111.1111,0100.0101,0110.1100,0011.0110,0010.1111,0100.0111,0001.0011,1000.1110,0101.0110,0000.1110,0110.1101,1010.1111,0010.1100,0000.1101,0110.1000,1110.1111,0000.0100,0000.1001,0110.0111,0000.0011,0010.0110,0100.1110,0001.0111,0001.1001,0100.0110,0001.0101,0110.1110,0001.1011,0000.0111,1100.1110,0000.0001,0000.1111,0010.1110,0110.1111,0000.0101
4,1.2|3.4,1101.1110,0011.1101,0011.1000,0000.0110,0010.0100,0111.1111,0100.0101,0100.1110,0011.0110,0010.1111,0101.0110,0001.0011,1010.1100,0100.0111,0010.1100,0100.1111,1010.1111,0000.1110,0000.1101,0100.1010,1110.1111,0000.0100,0000.1001,0110.0111,0001.0010,0010.0110,0110.1100,0011.0101,0001.1001,0100.0110,0001.0101,0110.1110,0011.1001,0010.0101,1100.1110,0000.0001,0010.1101,0010.1110,0110.1111,0000.0101
5,1.3|2.4,1100.1111,0101.1011,0001.1010,0000.0110,0010.0100,0111.1111,0100.0101,0110.1100,0010.0111,0110.1011,0100.0111,0001.0011,1010.1100,0101.0110,0100.1010,0110.1101,1011.1110,0110.1000,0100.1001,0010.1100,1110.1111,0000.0100,0000.1001,0110.0111,0000.0011,0010.0110,0100.1110,0011.0101,0001.1001,0100.0110,0001.0101,0110.1110,0001.1011,0011.0100,1100.1110,0000.0001,0100.1011,0110.1010,0110.1111,0001.0100
6,1.4|2.3,1100.1111,0111.1001,0010.1001,0010.0100,0000.0110,0111.1111,0100.0101,0100.1110,0011.0110,0111.1010,0100.0111,0001.0011,1000.1110,0101.0110,0110.1000,0101.1110,1010.1111,0100.1010,0101.1000,0000.1110,1110.1111,0000.0100,0001.1000,0110.0111,0000.0011,0010.0110,0110.1100,0001.0111,0001.1001,0100.0110,0001.0101,0110.1110,0011.1001,0000.0111,1100.1110,0000.0001,0111.1000,0110.1010,0111.1110,0000.0101

3
,Partitions,1100.1110,0010.0110,0101.1100,0000.1101,0101.0111,1101.1110,0111.1011,0010.0011,0001.1011,1110.1111,1011.1111,0010.1101,1000.1011,0110.1000,0011.1000,0000.0010,0001.0110,0110.1010,0011.1101,1011.1101,0110.0111,0101.1010,0000.1011,0010.1011,0110.1101,0000.0110,0011.1001,1001.1011,1000.1001,0101.1111,0001.0101,0011.1111,0110.1011,0011.1110,1010.1110,0101.1101,0011.0110,0011.1010,1011.1110,1010.1011,0010.0101,0110.1001,0101.1110,0000.0101,0110.1110,0101.1001,0011.0101,0011.1011,0101.0110,0101.1011
0,1|2|3|4,1100.1110,0010.0110,0100.1101,0101.1000,0101.0111,1100.1111,0011.1111,0010.0011,0011.1001,1110.1111,1011.1111,0000.1111,1001.1010,0010.1100,0010.1001,0000.0010,0000.0111,0010.1110,0001.1111,1001.1111,0110.0111,0111.1000,0010.1001,0011.1010,0111.1100,0010.0100,0001.1011,1001.1011,1000.1001,0111.1101,0001.0101,0111.1011,0010.1111,0010.1111,1010.1110,0101.1101,0010.0111,0010.1011,1010.1111,1010.1011,0000.0111,0111.1000,0111.1100,0001.0100,0110.1110,0001.1101,0001.0111,0011.1011,0100.0111,0001.1111

2
,Partitions,1100.1110,0010.0110,0101.1100,0000.1101,0101.0111,1101.1110,0111.1011,0010.0011,0001.1011,1110.1111,1011.1111,0010.1101,1000.1011,0110.1000,0011.1000,0000.0010,0001.0110,0110.1010,0011.1101,1011.1101,0110.0111,0101.1010,0000.1011,0010.1011,0110.1101,0000.0110,0011.1001,1001.1011,1000.1001,0101.1111,0001.0101,0011.1111,0110.1011,0011.1110,1010.1110,0101.1101,0011.0110,0011.1010,1011.1110,1010.1011,0010.0101,0110.1001,0101.1110,0000.0101,0110.1110,0101.1001,0011.0101,0011.1011,0101.0110,0101.1011
0,1.2|3.4,1100.1110,0010.0110,0100.1101,0001.1100,0101.0111,1101.1110,0111.1011,0010.0011,0011.1001,1110.1111,1011.1111,0001.1110,1000.1011,0100.1010,0000.1011,0000.0010,0010.0101,0110.1010,0001.1111,1001.1111,0110.0111,0110.1001,0011.1000,0011.1010,0101.1110,0010.0100,0001.1011,1001.1011,1000.1001,0111.1101,0001.0101,0011.1111,0111.1010,0010.1111,1010.1110,0101.1101,0010.0111,0010.1011,1010.1111,1010.1011,0001.0110,0101.1010,0110.1101,0001.0100,0110.1110,0101.1001,0001.0111,0011.1011,0101.0110,0111.1001
1,1.3|2.4,1100.1110,0010.0110,0100.1101,0101.1000,0101.0111,1100.1111,0011.1111,0010.0011,0001.1011,1110.1111,1011.1111,0111.1000,1001.1010,0010.1100,0010.1001,0000.0010,0011.0100,0010.1110,0111.1001,1001.1111,0110.0111,0000.1111,0001.1010,0011.1010,0111.1100,0010.0100,0011.1001,1001.1011,1000.1001,0101.1111,0001.0101,0111.1011,0011.1110,0110.1011,1010.1110,0101.1101,0011.0110,0010.1011,1011.1110,1010.1011,0000.0111,0011.1100,0100.1111,0000.0101,0110.1110,0001.1101,0001.0111,0011.1011,0100.0111,0001.1111
2,1.4|2.3,1100.1110,0010.0110,0101.1100,0100.1001,0101.0111,1100.1111,0011.1111,0010.0011,0011.1001,1110.1111,1011.1111,0100.1011,1001.1010,0000.1110,0001.1010,0000.0010,0000.0111,0010.1110,0101.1011,1011.1101,0110.0111,0011.1100,0010.1001,0010.1011,0100.1111,0000.0110,0001.1011,1001.1011,1000.1001,0111.1101,0001.0101,0111.1011,0010.1111,0111.1010,1010.1110,0101.1101,0010.0111,0011.1010,1010.1111,1010.1011,0011.0100,0000.1111,0111.1100,0001.0100,0110.1110,0001.1101,0011.0101,0011.1011,0100.0111,0011.1101

3
,Partitions,1100.1110,0010.0110,0101.1100,0000.1101,0101.0111,1101.1110,0111.1011,0010.0011,0001.1011,1110.1111,1011.1111,0010.1101,1000.1011,0110.1000,0011.1000,0000.0010,0001.0110,0110.1010,0011.1101,1011.1101,0110.0111,0101.1010,0000.1011,0010.1011,0110.1101,0000.0110,0011.1001,1001.1011,1000.1001,0101.1111,0001.0101,0011.1111,0110.1011,0011.1110,1010.1110,0101.1101,0011.0110,0011.1010,1011.1110,1010.1011,0010.0101,0110.1001,0101.1110,0000.0101,0110.1110,0101.1001,0011.0101,0011.1011,0101.0110,0101.1011
0,1|2.3.4,1100.1110,0010.0110,0100.1101,0101.1000,0101.0111,1101.1110,0011.1111,0010.0011,0011.1001,1110.1111,1011.1111,0101.1010,1000.1011,0000.1110,0000.1011,0000.0010,0001.0110,0010.1110,0101.1011,1011.1101,0110.0111,0010.1101,0011.1000,0011.1010,0101.1110,0000.0110,0001.1011,1001.1011,1000.1001,0111.1101,0001.0101,0111.1011,0011.1110,0110.1011,1010.1110,0101.1101,0011.0110,0010.1011,1011.1110,1010.1011,0010.0101,0001.1110,0110.1101,0000.0101,0110.1110,0001.1101,0011.0101,0011.1011,0101.0110,0011.1101
1,1.3.4|2,1100.1110,0010.0110,0101.1100,0100.1001,0101.0111,1101.1110,0011.1111,0010.0011,0001.1011,1110.1111,1011.1111,0110.1001,1000.1011,0010.1100,0011.1000,0000.0010,0010.0101,0010.1110,0111.1001,1001.1111,0110.0111,0001.1110,0000.1011,0010.1011,0110.1101,0010.0100,0011.1001,1001.1011,1000.1001,0101.1111,0001.0101,0111.1011,0010.1111,0111.1010,1010.1110,0101.1101,0010.0111,0011.1010,1010.1111,1010.1011,0001.0110,0010.1101,0101.1110,0001.0100,0110.1110,0001.1101,0001.0111,0011.1011,0101.0110,0001.1111
2,1.2.4|3,1100.1110,0010.0110,0101.1100,0000.1101,0101.0111,1100.1111,0111.1011,0010.0011,0011.1001,1110.1111,1011.1111,0000.1111,1001.1010,0100.1010,0001.1010,0000.0010,0011.0100,0110.1010,0001.1111,1001.1111,0110.0111,0111.1000,0010.1001,0010.1011,0100.1111,0010.0100,0001.1011,1001.1011,1000.1001,0111.1101,0001.0101,0011.1111,0110.1011,0011.1110,1010.1110,0101.1101,0011.0110,0011.1010,1011.1110,1010.1011,0000.0111,0100.1011,0111.1100,0000.0101,0110.1110,0101.1001,0001.0111,0011.1011,0100.0111,0111.1001
3,1.2.3|4,1100.1110,0010.0110,0100.1101,0001.1100,0101.0111,1100.1111,0111.1011,0010.0011,0001.1011,1110.1111,1011.1111,0011.1100,1001.1010,0110.1000,0010.1001,0000.0010,0000.0111,0110.1010,0011.1101,1011.1101,0110.0111,0100.1011,0001.1010,0011.1010,0111.1100,0000.0110,0011.1001,1001.1011,1000.1001,0101.1111,0001.0101,0011.1111,0111.1010,0010.1111,1010.1110,0101.1101,0010.0111,0010.1011,1010.1111,1010.1011,0011.0100,0111.1000,0100.1111,0001.0100,0110.1110,0101.1001,0011.0101,0011.1011,0100.0111,0101.1011
4,1.2|3.4,1100.1110,0010.0110,0100.1101,0001.1100,0101.0111,1101.1110,0111.1011,0010.0011,0011.1001,1110.1111,1011.1111,0001.1110,1000.1011,0100.1010,0000.1011,0000.0010,0010.0101,0110.1010,0001.1111,1001.1111,0110.0111,0110.1001,0011.1000,0011.1010,0101.1110,0010.0100,0001.1011,1001.1011,1000.1001,0111.1101,0001.0101,0011.1111,0111.1010,0010.1111,1010.1110,0101.1101,0010.0111,0010.1011,1010.1111,1010.1011,0001.0110,0101.1010,0110.1101,0001.0100,0110.1110,0101.1001,0001.0111,0011.1011,0101.0110,0111.1001
5,1.3|2.4,1100.1110,0010.0110,0100.1101,0101.1000,0101.0111,1100.1111,0011.1111,0010.0011,0001.1011,1110.1111,1011.1111,0111.1000,1001.1010,0010.1100,0010.1001,0000.0010,0011.0100,0010.1110,0111.1001,1001.1111,0110.0111,0000.1111,0001.1010,0011.1010,0111.1100,0010.0100,0011.1001,1001.1011,1000.1001,0101.1111,0001.0101,0111.1011,0011.1110,0110.1011,1010.1110,0101.1101,0011.0110,0010.1011,1011.1110,1010.1011,0000.0111,0011.1100,0100.1111,0000.0101,0110.1110,0001.1101,0001.0111,0011.1011,0100.0111,0001.1111
6,1.4|2.3,1100.1110,0010.0110,0101.1100,0100.1001,0101.0111,1100.1111,0011.1111,0010.0011,0011.1001,1110.1111,1011.1111,0100.1011,1001.1010,0000.1110,0001.1010,0000.0010,0000.0111,0010.1110,0101.1011,1011.1101,0110.0111,0011.1100,0010.1001,0010.1011,0100.1111,0000.0110,0001.1011,1001.1011,1000.1001,0111.1101,0001.0101,0111.1011,0010.1111,0111.1010,1010.1110,0101.1101,0010.0111,0011.1010,1010.1111,1010.1011,0011.0100,0000.1111,0111.1100,0001.0100,0110.1110,0001.1101,0011.0101,0011.1011,0100.0111,0011.1101

3
,Partitions,1010.1011,0101.0110,0010.1010,0100.1010,0110.1000,0101.1010,0110.1001,1000.1010,1001.1010,0110.1010
0,1|2|3.4,1010.1011,0101.0110,0010.1010,0110.1000,0000.1110,0010.1101,0010.1101,1000.1010,1001.1010,0010.1110
1,1|2.4|3,1010.1011,0101.0110,0010.1010,0000.1110,0010.1100,0111.1000,0100.1011,1000.1010,1001.1010,0010.1110
2,1|2.3|4,1010.1011,0101.0110,0010.1010,0010.1100,0000.1110,0100.1011,0111.1000,1000.1010,1001.1010,0010.1110
3,1.4|2|3,1010.1011,0101.0110,0010.1010,0010.1100,0000.1110,0111.1000,0010.1101,1000.1010,1001.1010,0010.1110
4,1.3|2|4,1010.1011,0101.0110,0010.1010,0000.1110,0010.1100,0100.1011,0111.1000,1000.1010,1001.1010,0010.1110
5,1.2|3|4,1010.1011,0100.0111,0010.1010,0110.1000,0100.1010,0100.1011,0100.1011,1000.1010,1000.1011,0110.1010

11/2
,Partitions,0100.0111,0100.1011,0111.1000,1000.1011,0111.1011
0,1|2|3.4,0100.0111,0000.1111,0011.1100,1000.1011,0011.1111
1,1|2.4|3,0100.0111,0011.1100,0101.1010,1000.1011,0011.1111
2,1|2.3|4,0100.0111,0101.1010,0000.1111,1000.1011,0011.1111
3,1.4|2|3,0100.0111,0000.1111,0101.1010,1000.1011,0011.1111
4,1.3|2|4,0100.0111,0101.1010,0011.1100,1000.1011,0011.1111
5,1.2|3|4,0101.0110,0101.1010,0101.1010,1001.1010,0111.1011

7
,Partitions,0010.1111,0110.1011,0000.0110,0110.1111,0010.0110
0,1|2|3.4,0011.1110,0010.1111,0000.0110,0111.1110,0010.0110
1,1|2.4|3,0111.1010,0011.1110,0000.0110,0111.1110,0010.0110
2,1|2.3|4,0111.1010,0010.1111,0000.0110,0111.1110,0010.0110
3,1.4|2|3,0110.1011,0010.1111,0010.0100,0110.1111,0010.0110
4,1.3|2|4,0011.1110,0010.1111,0000.0110,0111.1110,0010.0110
5,1.2|3|4,0011.1110,0111.1010,0000.0110,0111.1110,0010.0110

4
,Partitions,0100.1111,0101.1110,1010.1111,1110.1111,0101.1111
0,1|2|3.4,0111.1100,0110.1101,1010.1111,1110.1111,0111.1101
1,1|2.4|3,0111.1100,0110.1101,1010.1111,1110.1111,0111.1101
2,1|2.3|4,0101.1110,0110.1101,1010.1111,1110.1111,0111.1101
3,1.4|2|3,0110.1101,0111.1100,1010.1111,1110.1111,0111.1101
4,1.3|2|4,0101.1110,0100.1111,1011.1110,1110.1111,0101.1111
5,1.2|3|4,0101.1110,0111.1100,1010.1111,1110.1111,0111.1101

4
,Partitions,1101.1110,0010.1101,0001.1110,0001.0010,0010.1110
0,1|2|3.4,1101.1110,0101.1010,0101.1010,0001.0010,0110.1010
1,1|2.4|3,1101.1110,0000.1111,0011.1100,0001.0010,0110.1010
2,1|2.3|4,1101.1110,0011.1100,0000.1111,0001.0010,0110.1010
3,1.4|2|3,1101.1110,0000.1111,0011.1100,0001.0010,0110.1010
4,1.3|2|4,1101.1110,0011.1100,0000.1111,0001.0010,0110.1010
5,1.2|3|4,1100.1111,0000.1111,0011.1100,0000.0011,0010.1110

7
,Partitions,0110.1101,1011.1101,0110.1111,1011.1111,1101.1111
0,1|2|3.4,0101.1110,1011.1101,0110.1111,1011.1111,1101.1111
1,1|2.4|3,0101.1110,1011.1101,0110.1111,1011.1111,1101.1111
2,1|2.3|4,0111.1100,1011.1101,0110.1111,1011.1111,1101.1111
3,1.4|2|3,0100.1111,1011.1101,0110.1111,1011.1111,1101.1111
4,1.3|2|4,0111.1100,1011.1101,0110.1111,1011.1111,1101.1111
5,1.2|3|4,0101.1110,1011.1101,0110.1111,1011.1111,1101.1111

5/2
,Partitions,0001.1011,0100.1011,0001.1110,0100.1110,1011.1110
0,1|2|3.4,0001.1011,0011.1100,0101.1010,0100.1110,1010.1111
1,1|2.4|3,0011.1001,0011.1100,0011.1100,0110.1100,1011.1110
2,1|2.3|4,0001.1011,0011.1100,0000.1111,0100.1110,1010.1111
3,1.4|2|3,0001.1011,0000.1111,0011.1100,0100.1110,1010.1111
4,1.3|2|4,0001.1011,0000.1111,0101.1010,0100.1110,1010.1111
5,1.2|3|4,0001.1011,0101.1010,0011.1100,0100.1110,1010.1111

7
,Partitions,0111.1111,0000.0011,0011.1011,0011.0111,0011.1111
0,1|2|3.4,0111.1111,0000.0011,0011.1011,0011.0111,0111.1011
1,1|2.4|3,0111.1111,0001.0010,0011.1011,0011.0111,0011.1111
2,1|2.3|4,0111.1111,0001.0010,0011.1011,0011.0111,0011.1111
3,1.4|2|3,0111.1111,0001.0010,0011.1011,0011.0111,0011.1111
4,1.3|2|4,0111.1111,0001.0010,0011.1011,0011.0111,0011.1111
5,1.2|3|4,0111.1111,0001.0010,0011.1011,0011.0111,0011.1111

1
,Partitions,1100.1111,1010.1100,0101.1100,1100.1110,1100.1101
0,1|2|3.4,1100.1111,1000.1110,0100.1101,1100.1110,1100.1101
1,1|2.4|3,1101.1110,1000.1110,0100.1101,1100.1110,1100.1101
2,1|2.3|4,1101.1110,1010.1100,0100.1101,1100.1110,1100.1101
3,1.4|2|3,1101.1110,1000.1110,0101.1100,1100.1110,1100.1101
4,1.3|2|4,1101.1110,1000.1110,0100.1101,1100.1110,1100.1101
5,1.2|3|4,1101.1110,1000.1110,0100.1101,1100.1110,1100.1101

1
,Partitions,1000.1001,0111.1101,1101.1111,1000.1101,1001.1101
0,1|2|3.4,1000.1001,0101.1111,1101.1111,1000.1101,1001.1101
1,1|2.4|3,1000.1001,0101.1111,1101.1111,1000.1101,1001.1101
2,1|2.3|4,1000.1001,0101.1111,1101.1111,1000.1101,1001.1101
3,1.4|2|3,1000.1001,0101.1111,1101.1111,1000.1101,1001.1101
4,1.3|2|4,1000.1001,0111.1101,1101.1111,1001.1100,1001.1101
5,1.2|3|4,1000.1001,0101.1111,1101.1111,1000.1101,1001.1101

1
,Partitions,0001.1101,0010.1001,0001.1010,0001.0010,0001.1001
0,1|2|3.4,0101.1001,0001.1010,0010.1001,0001.0010,0001.1001
1,1|2.4|3,0101.1001,0000.1011,0011.1000,0001.0010,0001.1001
2,1|2.3|4,0101.1001,0000.1011,0011.1000,0001.0010,0001.1001
3,1.4|2|3,0101.1001,0000.1011,0011.1000,0001.0010,0001.1001
4,1.3|2|4,0101.1001,0011.1000,0000.1011,0001.0010,0001.1001
5,1.2|3|4,0001.1101,0011.1000,0010.1001,0000.0011,0001.1001

7/2
,Partitions,0000.1111,0110.1001,0000.0001,0000.1001,0000.0110
0,1|2|3.4,0100.1011,0010.1101,0000.0001,0001.1000,0000.0110
1,1|2.4|3,0010.1101,0100.1011,0000.0001,0001.1000,0000.0110
2,1|2.3|4,0001.1110,0001.1110,0000.0001,0001.1000,0000.0110
3,1.4|2|3,0100.1011,0010.1101,0000.0001,0000.1001,0010.0100
4,1.3|2|4,0100.1011,0010.1101,0000.0001,0001.1000,0000.0110
5,1.2|3|4,0010.1101,0100.1011,0000.0001,0001.1000,0000.0110

9/2
,Partitions,0100.0111,0101.0110,0101.1111,0101.0111,0100.0101
0,1|2|3.4,0100.0111,0101.0110,0111.1101,0101.0111,0100.0101
1,1|2.4|3,0100.0111,0101.0110,0111.1101,0101.0111,0100.0101
2,1|2.3|4,0100.0111,0101.0110,0111.1101,0101.0111,0100.0101
3,1.4|2|3,0100.0111,0101.0110,0111.1101,0101.0111,0100.0101
4,1.3|2|4,0100.0111,0100.0111,0101.1111,0101.0111,0100.0101
5,1.2|3|4,0100.0111,0101.0110,0111.1101,0101.0111,0100.0101

1/2
,Partitions,0100.1000,0100.1011,0111.1000,0111.1011,1000.1011
0,1|2|3.4,0000.1100,0011.1100,0000.1111,0011.1111,1000.1011
1,1|2.4|3,0100.1000,0011.1100,0000.1111,0111.1011,1001.1010
2,1|2.3|4,0100.1000,0011.1100,0000.1111,0111.1011,1001.1010
3,1.4|2|3,0100.1000,0000.1111,0011.1100,0111.1011,1001.1010
4,1.3|2|4,0100.1000,0000.1111,0011.1100,0111.1011,1001.1010
5,1.2|3|4,0100.1000,0101.1010,0101.1010,0111.1011,1001.1010

7
,Partitions,0111.1110,0110.1111,1001.1111,0111.1111,1110.1111
0,1|2|3.4,0111.1110,0111.1110,1001.1111,0111.1111,1110.1111
1,1|2.4|3,0111.1110,0111.1110,1001.1111,0111.1111,1110.1111
2,1|2.3|4,0111.1110,0111.1110,1001.1111,0111.1111,1110.1111
3,1.4|2|3,0111.1110,0110.1111,1011.1101,0111.1111,1110.1111
4,1.3|2|4,0111.1110,0111.1110,1001.1111,0111.1111,1110.1111
5,1.2|3|4,0111.1110,0111.1110,1001.1111,0111.1111,1110.1111

1
,Partitions,0010.0111,0010.1101,0111.1000,1000.1101,0010.1000
0,1|2|3.4,0010.0111,0101.1010,0011.1100,1000.1101,0000.1010
1,1|2.4|3,0010.0111,0101.1010,0000.1111,1000.1101,0000.1010
2,1|2.3|4,0010.0111,0011.1100,0000.1111,1000.1101,0000.1010
3,1.4|2|3,0010.0111,0000.1111,0011.1100,1000.1101,0000.1010
4,1.3|2|4,0011.0110,0011.1100,0011.1100,1001.1100,0010.1000
5,1.2|3|4,0010.0111,0011.1100,0101.1010,1000.1101,0000.1010

7
,Partitions,1001.1101,0101.0110,0101.0111,0101.1001,0101.1101
0,1|2|3.4,1001.1101,0101.0110,0101.0111,0001.1101,0101.1101
1,1|2.4|3,1001.1101,0100.0111,0101.0111,0101.1001,0101.1101
2,1|2.3|4,1001.1101,0100.0111,0101.0111,0101.1001,0101.1101
3,1.4|2|3,1001.1101,0100.0111,0101.0111,0101.1001,0101.1101
4,1.3|2|4,1001.1101,0100.0111,0101.0111,0101.1001,0101.1101
5,1.2|3|4,1001.1101,0100.0111,0101.0111,0101.1001,0101.1101

1
,Partitions,1100.1110,0100.1100,0101.1101,0101.1100,1100.1101
0,1|2|3.4,1100.1110,0100.1100,0101.1101,0101.1100,1100.1101
1,1|2.4|3,1100.1110,0100.1100,0101.1101,0101.1100,1100.1101
2,1|2.3|4,1100.1110,0100.1100,0101.1101,0101.1100,1100.1101
3,1.4|2|3,1100.1110,0100.1100,0101.1101,0101.1100,1100.1101
4,1.3|2|4,1100.1110,0100.1100,0101.1101,0101.1100,1100.1101
5,1.2|3|4,1100.1110,0100.1100,0101.1101,0101.1100,1100.1101

0
,Partitions,0100.1000,0000.1100,1001.1100,1000.1100,0100.1100
0,1|2|3.4,0100.1000,0100.1000,1001.1100,1000.1100,0100.1100
1,1|2.4|3,0100.1000,0100.1000,1001.1100,1000.1100,0100.1100
2,1|2.3|4,0100.1000,0100.1000,1001.1100,1000.1100,0100.1100
3,1.4|2|3,0100.1000,0100.1000,1001.1100,1000.1100,0100.1100
4,1.3|2|4,0100.1000,0100.1000,1001.1100,1000.1100,0100.1100
5,1.2|3|4,0100.1000,0000.1100,1000.1101,1000.1100,0100.1100

1/2
,Partitions,0001.1110,0010.1101,1100.1110,1101.1110,0010.1110
0,1|2|3.4,0110.1001,0101.1010,1100.1110,1101.1110,0110.1010
1,1|2.4|3,0110.1001,0101.1010,1100.1110,1101.1110,0110.1010
2,1|2.3|4,0110.1001,0011.1100,1100.1110,1101.1110,0110.1010
3,1.4|2|3,0101.1010,0110.1001,1100.1110,1101.1110,0110.1010
4,1.3|2|4,0101.1010,0110.1001,1100.1110,1101.1110,0110.1010
5,1.2|3|4,0011.1100,0011.1100,1100.1110,1100.1111,0010.1110

9/2
,Partitions,0101.1100,0011.1100,0101.1010,0011.1010,0011.0101
0,1|2|3.4,0101.1100,0100.1011,0010.1101,0011.1010,0001.0111
1,1|2.4|3,0101.1100,0100.1011,0010.1101,0011.1010,0001.0111
2,1|2.3|4,0100.1101,0100.1011,0010.1101,0010.1011,0011.0101
3,1.4|2|3,0101.1100,0111.1000,0111.1000,0011.1010,0001.0111
4,1.3|2|4,0101.1100,0010.1101,0100.1011,0011.1010,0001.0111
5,1.2|3|4,0101.1100,0010.1101,0100.1011,0011.1010,0001.0111

7
,Partitions,0000.1010,0101.1010,0000.1111,0101.1111,0000.0101
0,1|2|3.4,0000.1010,0010.1101,0100.1011,0101.1111,0001.0100
1,1|2.4|3,0010.1000,0010.1101,0010.1101,0111.1101,0000.0101
2,1|2.3|4,0000.1010,0010.1101,0001.1110,0101.1111,0001.0100
3,1.4|2|3,0000.1010,0001.1110,0010.1101,0101.1111,0001.0100
4,1.3|2|4,0000.1010,0001.1110,0100.1011,0101.1111,0001.0100
5,1.2|3|4,0000.1010,0100.1011,0010.1101,0101.1111,0001.0100

7
,Partitions,1001.1011,0011.1011,1010.1011,0111.1011,1000.1011
0,1|2|3.4,1001.1011,0011.1011,1010.1011,0011.1111,1000.1011
1,1|2.4|3,1001.1011,0011.1011,1010.1011,0011.1111,1000.1011
2,1|2.3|4,1001.1011,0011.1011,1010.1011,0011.1111,1000.1011
3,1.4|2|3,1001.1011,0011.1011,1010.1011,0011.1111,1000.1011
4,1.3|2|4,1001.1011,0011.1011,1010.1011,0011.1111,1000.1011
5,1.2|3|4,1001.1011,0011.1011,1010.1011,0111.1011,1001.1010

1/2
